DressupAndroid/zrqrcode/build/intermediates/manifest_merge_blame_file/debug/manifest-merger-blame-debug-report.txt
1<?xml version="1.0" encoding="utf-8"?>
2<manifest xmlns:android="http://schemas.android.com/apk/res/android"
3    package="com.example.zrqrcode" >
4
5    <uses-sdk android:minSdkVersion="22" />
5-->src/main/AndroidManifest.xml
6
7    <uses-permission android:name="android.permission.CAMERA" />
7-->src/main/AndroidManifest.xml:4:5-64
7-->src/main/AndroidManifest.xml:4:22-62
8    <uses-permission android:name="android.permission.VIBRATE" />
8-->src/main/AndroidManifest.xml:5:5-65
8-->src/main/AndroidManifest.xml:5:22-63
9    <uses-permission android:name="android.permission.FLASHLIGHT" />
9-->src/main/AndroidManifest.xml:6:5-68
9-->src/main/AndroidManifest.xml:6:22-66
10    <uses-permission android:name="android.permission.INTERNET" />
10-->src/main/AndroidManifest.xml:8:5-66
10-->src/main/AndroidManifest.xml:8:22-64
11    <uses-permission android:name="android.permission.CHANGE_WIFI_STATE" />
11-->src/main/AndroidManifest.xml:9:5-75
11-->src/main/AndroidManifest.xml:9:22-73
12    <uses-permission android:name="android.permission.ACCESS_WIFI_STATE" />
12-->src/main/AndroidManifest.xml:10:5-75
12-->src/main/AndroidManifest.xml:10:22-73
13    <uses-permission android:name="android.permission.WRITE_EXTERNAL_STORAGE" />
13-->src/main/AndroidManifest.xml:11:5-80
13-->src/main/AndroidManifest.xml:11:22-78
14    <uses-permission android:name="android.permission.READ_EXTERNAL_STORAGE" />
14-->src/main/AndroidManifest.xml:12:5-79
14-->src/main/AndroidManifest.xml:12:22-77
15
16    <application>
16-->src/main/AndroidManifest.xml:14:5-52:19
17        <activity
17-->src/main/AndroidManifest.xml:15:9-18:38
18            android:name="com.example.zrqrcode.ZrQrCodeActivity"
18-->src/main/AndroidManifest.xml:16:13-45
19            android:exported="true"
19-->src/main/AndroidManifest.xml:18:13-36
20            android:screenOrientation="portrait" />
20-->src/main/AndroidManifest.xml:17:13-49
21        <activity
21-->src/main/AndroidManifest.xml:19:9-22:50
22            android:name="com.example.zrqrcode.zxing.CaptureActivity"
22-->src/main/AndroidManifest.xml:20:13-50
23            android:screenOrientation="portrait"
23-->src/main/AndroidManifest.xml:21:13-49
24            android:theme="@style/CaptureTheme" />
24-->src/main/AndroidManifest.xml:22:13-48
25        <activity
25-->src/main/AndroidManifest.xml:24:9-27:50
26            android:name="com.example.zrqrcode.test.EasyCaptureActivity"
26-->src/main/AndroidManifest.xml:25:13-53
27            android:screenOrientation="portrait"
27-->src/main/AndroidManifest.xml:26:13-49
28            android:theme="@style/CaptureTheme" />
28-->src/main/AndroidManifest.xml:27:13-48
29        <activity
29-->src/main/AndroidManifest.xml:28:9-31:50
30            android:name="com.example.zrqrcode.test.CustomCaptureActivity"
30-->src/main/AndroidManifest.xml:29:13-55
31            android:screenOrientation="portrait"
31-->src/main/AndroidManifest.xml:30:13-49
32            android:theme="@style/CaptureTheme" />
32-->src/main/AndroidManifest.xml:31:13-48
33        <activity
33-->src/main/AndroidManifest.xml:33:9-36:50
34            android:name="com.example.zrqrcode.test.CaptureFragmentActivity"
34-->src/main/AndroidManifest.xml:34:13-57
35            android:screenOrientation="portrait"
35-->src/main/AndroidManifest.xml:35:13-49
36            android:theme="@style/CaptureTheme" />
36-->src/main/AndroidManifest.xml:36:13-48
37        <activity
37-->src/main/AndroidManifest.xml:38:9-41:50
38            android:name="com.example.zrqrcode.test.CustomFullScanActivity"
38-->src/main/AndroidManifest.xml:39:13-56
39            android:screenOrientation="portrait"
39-->src/main/AndroidManifest.xml:40:13-49
40            android:theme="@style/CaptureTheme" />
40-->src/main/AndroidManifest.xml:41:13-48
41        <activity
41-->src/main/AndroidManifest.xml:43:9-46:50
42            android:name="com.example.zrqrcode.test.QRCodeActivity"
42-->src/main/AndroidManifest.xml:44:13-48
43            android:screenOrientation="portrait"
43-->src/main/AndroidManifest.xml:45:13-49
44            android:theme="@style/CaptureTheme" />
44-->src/main/AndroidManifest.xml:46:13-48
45        <activity
45-->src/main/AndroidManifest.xml:48:9-50:51
46            android:name="com.example.zrqrcode.test.CodeActivity"
46-->src/main/AndroidManifest.xml:49:13-46
47            android:screenOrientation="portrait" />
47-->src/main/AndroidManifest.xml:50:13-49
48    </application>
49
50</manifest>